0 info it worked if it ends with ok
1 verbose cli [ '/home/ubuntu/.nvm/v0.10.35/bin/node',
1 verbose cli   '/home/ubuntu/.nvm/v0.10.35/bin/npm',
1 verbose cli   'i',
1 verbose cli   'convnet' ]
2 info using npm@1.4.28
3 info using node@v0.10.35
4 warn package.json flower@0.0.0 No repository field.
5 verbose readDependencies using package.json deps
6 verbose cache add [ 'convnet', null ]
7 verbose cache add name=undefined spec="convnet" args=["convnet",null]
8 verbose parsed url { protocol: null,
8 verbose parsed url   slashes: null,
8 verbose parsed url   auth: null,
8 verbose parsed url   host: null,
8 verbose parsed url   port: null,
8 verbose parsed url   hostname: null,
8 verbose parsed url   hash: null,
8 verbose parsed url   search: null,
8 verbose parsed url   query: null,
8 verbose parsed url   pathname: 'convnet',
8 verbose parsed url   path: 'convnet',
8 verbose parsed url   href: 'convnet' }
9 silly lockFile 8504afdc-convnet convnet
10 verbose lock convnet /home/ubuntu/.npm/8504afdc-convnet.lock
11 silly lockFile 8504afdc-convnet convnet
12 silly lockFile 8504afdc-convnet convnet
13 verbose addNamed [ 'convnet', '' ]
14 verbose addNamed [ null, '*' ]
15 silly lockFile 2839e0e3-convnet convnet@
16 verbose lock convnet@ /home/ubuntu/.npm/2839e0e3-convnet.lock
17 silly addNameRange { name: 'convnet', range: '*', hasData: false }
18 verbose request where is /convnet
19 verbose request registry https://registry.npmjs.org/
20 verbose request id d5c250ade9478512
21 verbose url raw /convnet
22 verbose url resolving [ 'https://registry.npmjs.org/', './convnet' ]
23 verbose url resolved https://registry.npmjs.org/convnet
24 verbose request where is https://registry.npmjs.org/convnet
25 info trying registry request attempt 1 at 22:05:36
26 http GET https://registry.npmjs.org/convnet
27 http 404 https://registry.npmjs.org/convnet
28 verbose headers { server: 'CouchDB/1.5.0 (Erlang OTP/R16B03)',
28 verbose headers   'content-type': 'application/json',
28 verbose headers   'cache-control': 'max-age=0',
28 verbose headers   'content-length': '51',
28 verbose headers   'accept-ranges': 'bytes',
28 verbose headers   date: 'Wed, 27 May 2015 22:05:36 GMT',
28 verbose headers   via: '1.1 varnish',
28 verbose headers   age: '0',
28 verbose headers   connection: 'keep-alive',
28 verbose headers   'x-served-by': 'cache-iad2145-IAD',
28 verbose headers   'x-cache': 'MISS',
28 verbose headers   'x-cache-hits': '0',
28 verbose headers   'x-timer': 'S1432764336.678897,VS0,VE19' }
29 silly registry.get cb [ 404,
29 silly registry.get   { server: 'CouchDB/1.5.0 (Erlang OTP/R16B03)',
29 silly registry.get     'content-type': 'application/json',
29 silly registry.get     'cache-control': 'max-age=0',
29 silly registry.get     'content-length': '51',
29 silly registry.get     'accept-ranges': 'bytes',
29 silly registry.get     date: 'Wed, 27 May 2015 22:05:36 GMT',
29 silly registry.get     via: '1.1 varnish',
29 silly registry.get     age: '0',
29 silly registry.get     connection: 'keep-alive',
29 silly registry.get     'x-served-by': 'cache-iad2145-IAD',
29 silly registry.get     'x-cache': 'MISS',
29 silly registry.get     'x-cache-hits': '0',
29 silly registry.get     'x-timer': 'S1432764336.678897,VS0,VE19' } ]
30 silly lockFile 2839e0e3-convnet convnet@
31 silly lockFile 2839e0e3-convnet convnet@
32 error 404 404 Not Found: convnet
32 error 404
32 error 404 'convnet' is not in the npm registry.
32 error 404 You should bug the author to publish it
32 error 404 It was specified as a dependency of 'flower'
32 error 404
32 error 404 Note that you can also install from a
32 error 404 tarball, folder, or http url, or git url.
33 error System Linux 3.14.13-c9
34 error command "/home/ubuntu/.nvm/v0.10.35/bin/node" "/home/ubuntu/.nvm/v0.10.35/bin/npm" "i" "convnet"
35 error cwd /home/ubuntu/workspace
36 error node -v v0.10.35
37 error npm -v 1.4.28
38 error code E404
39 verbose exit [ 1, true ]
